<?xml version="1.0" encoding="UTF-8"?>
<!-- Generated by org.testng.reporters.JUnitReportReporter -->
<testsuite hostname="CHANDRA" failures="0" tests="1" name="MyRelativeXpath" time="9.318" errors="0" timestamp="23 Jul 2021 06:58:15 GMT" skipped="0">
  <testcase classname="MyRelativeXpath" name="ShowRelativeXpath" time="9.318"/>
</testsuite> <!-- MyRelativeXpath -->
